Started GET "/videos" for 127.0.0.1 at 2018-02-05 22:29:40 +1030
  
ActionController::RoutingError (No route matches [GET] "/videos"):
  
actionpack (5.1.4) lib/action_dispatch/middleware/debug_exceptions.rb:63:in `call'
web-console (3.5.1) lib/web_console/middleware.rb:135:in `call_app'
web-console (3.5.1) lib/web_console/middleware.rb:28:in `block in call'
web-console (3.5.1) lib/web_console/middleware.rb:18:in `catch'
web-console (3.5.1) lib/web_console/middleware.rb:18:in `call'
actionpack (5.1.4) lib/action_dispatch/middleware/show_exceptions.rb:31:in `call'
railties (5.1.4) lib/rails/rack/logger.rb:36:in `call_app'
railties (5.1.4) lib/rails/rack/logger.rb:24:in `block in call'
activesupport (5.1.4) lib/active_support/tagged_logging.rb:69:in `block in tagged'
activesupport (5.1.4) lib/active_support/tagged_logging.rb:26:in `tagged'
activesupport (5.1.4) lib/active_support/tagged_logging.rb:69:in `tagged'
railties (5.1.4) lib/rails/rack/logger.rb:24:in `call'
sprockets-rails (3.2.1) lib/sprockets/rails/quiet_assets.rb:13:in `call'
actionpack (5.1.4) lib/action_dispatch/middleware/remote_ip.rb:79:in `call'
actionpack (5.1.4) lib/action_dispatch/middleware/request_id.rb:25:in `call'
rack (2.0.4) lib/rack/method_override.rb:22:in `call'
rack (2.0.4) lib/rack/runtime.rb:22:in `call'
activesupport (5.1.4) lib/active_support/cache/strategy/local_cache_middleware.rb:27:in `call'
actionpack (5.1.4) lib/action_dispatch/middleware/executor.rb:12:in `call'
actionpack (5.1.4) lib/action_dispatch/middleware/static.rb:125:in `call'
rack (2.0.4) lib/rack/sendfile.rb:111:in `call'
railties (5.1.4) lib/rails/engine.rb:522:in `call'
puma (3.11.2) lib/puma/configuration.rb:225:in `call'
puma (3.11.2) lib/puma/server.rb:624:in `handle_request'
puma (3.11.2) lib/puma/server.rb:438:in `process_client'
puma (3.11.2) lib/puma/server.rb:302:in `block in run'
puma (3.11.2) lib/puma/thread_pool.rb:120:in `block in spawn_thread'
Started GET "/" for 127.0.0.1 at 2018-02-05 22:29:46 +1030
Processing by Rails::WelcomeController#index as HTML
  Rendering /home/dracos/.rvm/gems/ruby-2.3.0@blog/gems/railties-5.1.4/lib/rails/templates/rails/welcome/index.html.erb
  Rendered /home/dracos/.rvm/gems/ruby-2.3.0@blog/gems/railties-5.1.4/lib/rails/templates/rails/welcome/index.html.erb (5.5ms)
Completed 200 OK in 195ms (Views: 8.1ms)


Started GET "/" for 127.0.0.1 at 2018-02-05 22:30:40 +1030
Processing by Rails::WelcomeController#index as HTML
  Rendering /home/dracos/.rvm/gems/ruby-2.3.0@blog/gems/railties-5.1.4/lib/rails/templates/rails/welcome/index.html.erb
  Rendered /home/dracos/.rvm/gems/ruby-2.3.0@blog/gems/railties-5.1.4/lib/rails/templates/rails/welcome/index.html.erb (3.6ms)
Completed 200 OK in 6ms (Views: 4.9ms)


Started GET "/" for 127.0.0.1 at 2018-03-04 21:34:01 +1030
Processing by Rails::WelcomeController#index as HTML
  Rendering /home/dracos/.rvm/gems/ruby-2.3.0@blog/gems/railties-5.1.4/lib/rails/templates/rails/welcome/index.html.erb
  Rendered /home/dracos/.rvm/gems/ruby-2.3.0@blog/gems/railties-5.1.4/lib/rails/templates/rails/welcome/index.html.erb (13.7ms)
Completed 200 OK in 326ms (Views: 29.5ms)


Started GET "/videos" for 127.0.0.1 at 2018-03-04 21:36:22 +1030
  
ActionController::RoutingError (No route matches [GET] "/videos"):
  
actionpack (5.1.4) lib/action_dispatch/middleware/debug_exceptions.rb:63:in `call'
web-console (3.5.1) lib/web_console/middleware.rb:135:in `call_app'
web-console (3.5.1) lib/web_console/middleware.rb:28:in `block in call'
web-console (3.5.1) lib/web_console/middleware.rb:18:in `catch'
web-console (3.5.1) lib/web_console/middleware.rb:18:in `call'
actionpack (5.1.4) lib/action_dispatch/middleware/show_exceptions.rb:31:in `call'
railties (5.1.4) lib/rails/rack/logger.rb:36:in `call_app'
railties (5.1.4) lib/rails/rack/logger.rb:24:in `block in call'
activesupport (5.1.4) lib/active_support/tagged_logging.rb:69:in `block in tagged'
activesupport (5.1.4) lib/active_support/tagged_logging.rb:26:in `tagged'
activesupport (5.1.4) lib/active_support/tagged_logging.rb:69:in `tagged'
railties (5.1.4) lib/rails/rack/logger.rb:24:in `call'
sprockets-rails (3.2.1) lib/sprockets/rails/quiet_assets.rb:13:in `call'
actionpack (5.1.4) lib/action_dispatch/middleware/remote_ip.rb:79:in `call'
actionpack (5.1.4) lib/action_dispatch/middleware/request_id.rb:25:in `call'
rack (2.0.4) lib/rack/method_override.rb:22:in `call'
rack (2.0.4) lib/rack/runtime.rb:22:in `call'
activesupport (5.1.4) lib/active_support/cache/strategy/local_cache_middleware.rb:27:in `call'
actionpack (5.1.4) lib/action_dispatch/middleware/executor.rb:12:in `call'
actionpack (5.1.4) lib/action_dispatch/middleware/static.rb:125:in `call'
rack (2.0.4) lib/rack/sendfile.rb:111:in `call'
railties (5.1.4) lib/rails/engine.rb:522:in `call'
puma (3.11.2) lib/puma/configuration.rb:225:in `call'
puma (3.11.2) lib/puma/server.rb:624:in `handle_request'
puma (3.11.2) lib/puma/server.rb:438:in `process_client'
puma (3.11.2) lib/puma/server.rb:302:in `block in run'
puma (3.11.2) lib/puma/thread_pool.rb:120:in `block in spawn_thread'
  [1m[35m (0.2ms)[0m  [1m[34mSELECT sqlite_version(*)[0m
  [1m[35m (125.3ms)[0m  [1m[35mCREATE TABLE "schema_migrations" ("version" varchar NOT NULL PRIMARY KEY)[0m
  [1m[35m (112.6ms)[0m  [1m[35mCREATE TABLE "ar_internal_metadata" ("key" varchar NOT NULL PRIMARY KEY, "value" varchar, "created_at" datetime NOT NULL, "updated_at" datetime NOT NULL)[0m
  [1m[35m (0.2ms)[0m  [1m[34mSELECT "schema_migrations"."version" FROM "schema_migrations" ORDER BY "schema_migrations"."version" ASC[0m
Migrating to CreateArticles (20180304111153)
  [1m[35m (0.1ms)[0m  [1m[36mbegin transaction[0m
  [1m[35m (0.7ms)[0m  [1m[35mCREATE TABLE "articles" ("id" INTEGER PRIMARY KEY AUTOINCREMENT NOT NULL, "title" varchar, "text" text, "created_at" datetime NOT NULL, "updated_at" datetime NOT NULL)[0m
  [1m[35mSQL (0.2ms)[0m  [1m[32mINSERT INTO "schema_migrations" ("version") VALUES (?)[0m  [["version", "20180304111153"]]
  [1m[35m (102.9ms)[0m  [1m[36mcommit transaction[0m
  [1m[36mActiveRecord::InternalMetadata Load (0.3ms)[0m  [1m[34mSELECT  "ar_internal_metadata".* FROM "ar_internal_metadata" WHERE "ar_internal_metadata"."key" = ? LIMIT ?[0m  [["key", "environment"], ["LIMIT", 1]]
  [1m[35m (0.4ms)[0m  [1m[36mbegin transaction[0m
  [1m[35mSQL (0.4ms)[0m  [1m[32mINSERT INTO "ar_internal_metadata" ("key", "value", "created_at", "updated_at") VALUES (?, ?, ?, ?)[0m  [["key", "environment"], ["value", "development"], ["created_at", "2018-03-04 11:21:56.680415"], ["updated_at", "2018-03-04 11:21:56.680415"]]
  [1m[35m (88.8ms)[0m  [1m[36mcommit transaction[0m
  [1m[35m (0.2ms)[0m  [1m[34mSELECT "schema_migrations"."version" FROM "schema_migrations" ORDER BY "schema_migrations"."version" ASC[0m
Started GET "/" for 127.0.0.1 at 2018-03-04 21:52:36 +1030
  [1m[35m (0.3ms)[0m  [1m[34mSELECT "schema_migrations"."version" FROM "schema_migrations" ORDER BY "schema_migrations"."version" ASC[0m
Processing by Rails::WelcomeController#index as HTML
  Rendering /home/dracos/.rvm/gems/ruby-2.3.0@blog/gems/railties-5.1.4/lib/rails/templates/rails/welcome/index.html.erb
  Rendered /home/dracos/.rvm/gems/ruby-2.3.0@blog/gems/railties-5.1.4/lib/rails/templates/rails/welcome/index.html.erb (4.8ms)
Completed 200 OK in 22ms (Views: 10.5ms | ActiveRecord: 0.0ms)


Started GET "/" for 127.0.0.1 at 2018-03-04 21:56:16 +1030
  [1m[35m (0.2ms)[0m  [1m[34mSELECT "schema_migrations"."version" FROM "schema_migrations" ORDER BY "schema_migrations"."version" ASC[0m
Processing by Rails::WelcomeController#index as HTML
  Rendering /home/dracos/.rvm/gems/ruby-2.3.0@blog/gems/railties-5.1.4/lib/rails/templates/rails/welcome/index.html.erb
  Rendered /home/dracos/.rvm/gems/ruby-2.3.0@blog/gems/railties-5.1.4/lib/rails/templates/rails/welcome/index.html.erb (5.1ms)
Completed 200 OK in 22ms (Views: 10.4ms | ActiveRecord: 0.0ms)


Started GET "/articles" for 127.0.0.1 at 2018-03-04 21:56:26 +1030
Processing by ArticlesController#index as HTML
  Rendering articles/index.html.erb within layouts/application
  [1m[36mArticle Load (0.2ms)[0m  [1m[34mSELECT "articles".* FROM "articles"[0m
  Rendered articles/index.html.erb within layouts/application (5.0ms)
Completed 200 OK in 1078ms (Views: 1067.9ms | ActiveRecord: 1.1ms)


Started GET "/articles/new" for 127.0.0.1 at 2018-03-04 21:56:32 +1030
Processing by ArticlesController#new as HTML
  Rendering articles/new.html.erb within layouts/application
  Rendered articles/new.html.erb within layouts/application (86.0ms)
Completed 200 OK in 114ms (Views: 111.1ms | ActiveRecord: 0.0ms)


Started POST "/articles" for 127.0.0.1 at 2018-03-04 21:56:54 +1030
Processing by ArticlesController#create as HTML
  Parameters: {"utf8"=>"✓", "authenticity_token"=>"mUsGB+1UVIFDQoD3xGc3ElcE7Ybq1ZadbQyzMF/ytfk2aQIYyzHAlKmB4Xyfr4dshf5NnB1Svmj2I1rdBUN8xA==", "article"=>{"title"=>"article 1", "text"=>"What an amazing article!"}, "commit"=>"Save Article"}
  [1m[35m (0.1ms)[0m  [1m[36mbegin transaction[0m
  [1m[35mSQL (2.5ms)[0m  [1m[32mINSERT INTO "articles" ("title", "text", "created_at", "updated_at") VALUES (?, ?, ?, ?)[0m  [["title", "article 1"], ["text", "What an amazing article!"], ["created_at", "2018-03-04 11:26:54.256296"], ["updated_at", "2018-03-04 11:26:54.256296"]]
  [1m[35m (150.9ms)[0m  [1m[36mcommit transaction[0m
Redirected to http://localhost:3000/articles/1
Completed 302 Found in 186ms (ActiveRecord: 154.0ms)


Started GET "/articles/1" for 127.0.0.1 at 2018-03-04 21:56:54 +1030
Processing by ArticlesController#show as HTML
  Parameters: {"id"=>"1"}
  [1m[36mArticle Load (0.5ms)[0m  [1m[34mSELECT  "articles".* FROM "articles" WHERE "articles"."id" = ? LIMIT ?[0m  [["id", 1], ["LIMIT", 1]]
  Rendering articles/show.html.erb within layouts/application
  Rendered articles/show.html.erb within layouts/application (1.3ms)
Completed 200 OK in 66ms (Views: 38.6ms | ActiveRecord: 0.5ms)


Started GET "/articles" for 127.0.0.1 at 2018-03-04 21:56:59 +1030
Processing by ArticlesController#index as HTML
  Rendering articles/index.html.erb within layouts/application
  [1m[36mArticle Load (0.3ms)[0m  [1m[34mSELECT "articles".* FROM "articles"[0m
  Rendered articles/index.html.erb within layouts/application (2.5ms)
Completed 200 OK in 40ms (Views: 38.8ms | ActiveRecord: 0.3ms)


Started GET "/articles/new" for 127.0.0.1 at 2018-03-04 21:57:02 +1030
Processing by ArticlesController#new as HTML
  Rendering articles/new.html.erb within layouts/application
  Rendered articles/new.html.erb within layouts/application (3.1ms)
Completed 200 OK in 34ms (Views: 31.6ms | ActiveRecord: 0.0ms)


Started POST "/articles" for 127.0.0.1 at 2018-03-04 21:57:26 +1030
Processing by ArticlesController#create as HTML
  Parameters: {"utf8"=>"✓", "authenticity_token"=>"sAVUqrMojhR/K6RFQ4snyldsGL5auSmJ473jVKSCIrAfJ1C1lU0aAZXoxc4YQ5e0hZa4pK0+AXx4kgq5/jPrjQ==", "article"=>{"title"=>"Article 2", "text"=>"This as an amazing article too"}, "commit"=>"Save Article"}
  [1m[35m (0.2ms)[0m  [1m[36mbegin transaction[0m
  [1m[35mSQL (0.5ms)[0m  [1m[32mINSERT INTO "articles" ("title", "text", "created_at", "updated_at") VALUES (?, ?, ?, ?)[0m  [["title", "Article 2"], ["text", "This as an amazing article too"], ["created_at", "2018-03-04 11:27:26.776963"], ["updated_at", "2018-03-04 11:27:26.776963"]]
  [1m[35m (187.6ms)[0m  [1m[36mcommit transaction[0m
Redirected to http://localhost:3000/articles/2
Completed 302 Found in 194ms (ActiveRecord: 188.2ms)


Started GET "/articles/2" for 127.0.0.1 at 2018-03-04 21:57:27 +1030
Processing by ArticlesController#show as HTML
  Parameters: {"id"=>"2"}
  [1m[36mArticle Load (0.3ms)[0m  [1m[34mSELECT  "articles".* FROM "articles" WHERE "articles"."id" = ? LIMIT ?[0m  [["id", 2], ["LIMIT", 1]]
  Rendering articles/show.html.erb within layouts/application
  Rendered articles/show.html.erb within layouts/application (0.7ms)
Completed 200 OK in 20ms (Views: 18.2ms | ActiveRecord: 0.3ms)


Started GET "/articles" for 127.0.0.1 at 2018-03-04 21:57:29 +1030
Processing by ArticlesController#index as HTML
  Rendering articles/index.html.erb within layouts/application
  [1m[36mArticle Load (0.3ms)[0m  [1m[34mSELECT "articles".* FROM "articles"[0m
  Rendered articles/index.html.erb within layouts/application (2.0ms)
Completed 200 OK in 23ms (Views: 21.7ms | ActiveRecord: 0.3ms)


